<?xml version="1.0" encoding="UTF-8"?>
<!-- Generated by org.testng.reporters.JUnitXMLReporter -->
<testsuite hostname="DESKTOP-B2426KB" ignored="0" name="Fee CRM Test Cases" tests="2" failures="1" timestamp="21 Jun 2020 09:34:37 GMT" time="43.342" errors="0">
  <testcase name="verifyContactlable" time="1.545" classname="com.crm.qa.tests.ContactPageTest">
    <failure type="java.lang.AssertionError" message="Contact lable is missing in contact page expected [true] but found [false]">
      <![CDATA[java.lang.AssertionError: Contact lable is missing in contact page expected [true] but found [false]
at com.crm.qa.tests.ContactPageTest.verifyContactlable(ContactPageTest.java:57)
... Removed 28 stack frames]]>
    </failure>
  </testcase> <!-- verifyContactlable -->
  <testcase name="selectContactText" time="1.379" classname="com.crm.qa.tests.ContactPageTest"/>
</testsuite> <!-- Fee CRM Test Cases -->
